<?xml version="1.0" encoding="UTF-8"?>
<!-- Generated by org.testng.reporters.JUnitReportReporter -->
<testsuite hostname="LAPTOP-B1NEIEIF" failures="0" tests="2" name="com.qa.testcases.TC_checkout_007" time="29.391" errors="0" timestamp="2024-02-06T17:49:23 IST" skipped="0">
  <testcase classname="com.qa.testcases.TC_checkout_007" name="test1" time="1.551"/>
  <system-out/>
  <testcase classname="com.qa.testcases.TC_checkout_007" name="checkout" time="27.840"/>
  <system-out/>
</testsuite> <!-- com.qa.testcases.TC_checkout_007 -->
