<?xml version="1.0" encoding="UTF-8"?>
<!-- Generated by org.testng.reporters.JUnitReportReporter -->
<testsuite hostname="LAPTOP-B1NEIEIF" failures="0" tests="3" name="com.qa.testcases.TC_LoginPageTest_003" time="3.492" errors="0" timestamp="2024-01-30T01:15:47 IST" skipped="0">
  <testcase classname="com.qa.testcases.TC_LoginPageTest_003" name="test1" time="2.159"/>
  <system-out/>
  <testcase classname="com.qa.testcases.TC_LoginPageTest_003" name="test3" time="0.064"/>
  <system-out/>
  <testcase classname="com.qa.testcases.TC_LoginPageTest_003" name="test2" time="1.269"/>
  <system-out/>
</testsuite> <!-- com.qa.testcases.TC_LoginPageTest_003 -->
