<?xml version="1.0" encoding="UTF-8"?>
<!-- Generated by org.testng.reporters.JUnitReportReporter -->
<testsuite hostname="LAPTOP-B1NEIEIF" failures="0" tests="3" name="com.qa.testcases.TC_LinksVerfication_004" time="1.242" errors="0" timestamp="2024-02-06T17:45:38 IST" skipped="1">
  <testcase classname="com.qa.testcases.TC_LinksVerfication_004" name="test2" time="0.085"/>
  <system-out/>
  <testcase classname="com.qa.testcases.TC_LinksVerfication_004" name="test3" time="1.157"/>
  <system-out/>
  <testcase classname="com.qa.testcases.TC_LinksVerfication_004" name="test1">
    <skipped/>
  </testcase> <!-- test1 -->
  <system-out/>
</testsuite> <!-- com.qa.testcases.TC_LinksVerfication_004 -->
