<?xml version="1.0" encoding="UTF-8"?>
<!-- Generated by org.testng.reporters.JUnitReportReporter -->
<testsuite hostname="LAPTOP-B1NEIEIF" failures="0" tests="4" name="com.qa.testcases.TC_LoginUsingDataProviderMethod" time="4.839" errors="0" timestamp="2024-02-06T17:23:54 IST" skipped="0">
  <testcase classname="com.qa.testcases.TC_LoginUsingDataProviderMethod" name="loginUsingDataFromExcel" time="1.209"/>
  <system-out/>
  <testcase classname="com.qa.testcases.TC_LoginUsingDataProviderMethod" name="loginUsingDataFromExcel" time="1.076"/>
  <system-out/>
  <testcase classname="com.qa.testcases.TC_LoginUsingDataProviderMethod" name="loginUsingDataFromExcel" time="1.489"/>
  <system-out/>
  <testcase classname="com.qa.testcases.TC_LoginUsingDataProviderMethod" name="loginUsingDataFromExcel" time="1.065"/>
  <system-out/>
</testsuite> <!-- com.qa.testcases.TC_LoginUsingDataProviderMethod -->
