<?xml version="1.0" encoding="UTF-8"?>
<!-- Generated by org.testng.reporters.JUnitReportReporter -->
<testsuite hostname="LAPTOP-B1NEIEIF" failures="0" tests="2" name="com.qa.testcases.TC_ValidateMainElements_005" time="0.191" errors="0" timestamp="2024-02-06T17:46:12 IST" skipped="0">
  <testcase classname="com.qa.testcases.TC_ValidateMainElements_005" name="test2" time="0.173"/>
  <system-out/>
  <testcase classname="com.qa.testcases.TC_ValidateMainElements_005" name="test3" time="0.018"/>
  <system-out/>
</testsuite> <!-- com.qa.testcases.TC_ValidateMainElements_005 -->
