<?xml version="1.0" encoding="UTF-8"?>
<!-- Generated by org.testng.reporters.JUnitReportReporter -->
<testsuite hostname="LAPTOP-B1NEIEIF" failures="0" tests="3" name="com.qa.testcases.TC_RegisterPage_002" time="2.205" errors="0" timestamp="2024-02-06T17:44:16 IST" skipped="1">
  <testcase classname="com.qa.testcases.TC_RegisterPage_002" name="test2" time="2.155"/>
  <system-out/>
  <testcase classname="com.qa.testcases.TC_RegisterPage_002" name="testUserVerify" time="0.050"/>
  <system-out/>
  <testcase classname="com.qa.testcases.TC_RegisterPage_002" name="test1">
    <skipped/>
  </testcase> <!-- test1 -->
  <system-out/>
</testsuite> <!-- com.qa.testcases.TC_RegisterPage_002 -->
