<?xml version="1.0" encoding="UTF-8"?>
<!-- Generated by org.testng.reporters.JUnitReportReporter -->
<testsuite hostname="LAPTOP-B1NEIEIF" failures="0" tests="4" name="com.qa.testcases.TC_LoginUsingDataFromExcel" time="4.624" errors="0" timestamp="2024-02-06T15:47:40 IST" skipped="0">
  <testcase classname="com.qa.testcases.TC_LoginUsingDataFromExcel" name="loginUsingDataFromExcel" time="1.237"/>
  <system-out/>
  <testcase classname="com.qa.testcases.TC_LoginUsingDataFromExcel" name="loginUsingDataFromExcel" time="1.131"/>
  <system-out/>
  <testcase classname="com.qa.testcases.TC_LoginUsingDataFromExcel" name="loginUsingDataFromExcel" time="1.079"/>
  <system-out/>
  <testcase classname="com.qa.testcases.TC_LoginUsingDataFromExcel" name="loginUsingDataFromExcel" time="1.177"/>
  <system-out/>
</testsuite> <!-- com.qa.testcases.TC_LoginUsingDataFromExcel -->
