<?xml version="1.0" encoding="UTF-8"?>
<!-- Generated by org.testng.reporters.JUnitReportReporter -->
<testsuite hostname="LAPTOP-B1NEIEIF" failures="0" tests="3" name="com.qa.testcases.TC_AddToCart_006" time="15.353" errors="0" timestamp="2024-02-06T17:47:29 IST" skipped="0">
  <testcase classname="com.qa.testcases.TC_AddToCart_006" name="test1" time="1.791"/>
  <system-out/>
  <testcase classname="com.qa.testcases.TC_AddToCart_006" name="test2" time="0.224"/>
  <system-out/>
  <testcase classname="com.qa.testcases.TC_AddToCart_006" name="buySimpleComputer" time="13.338"/>
  <system-out/>
</testsuite> <!-- com.qa.testcases.TC_AddToCart_006 -->
